[INFO] Starting StudentMangmentSystemApplication using Java 17.0.8.1 with PID 586 (/Users/akhtar/Documents/workspace-spring-tool-suite-4-4.20.1.RELEASE/Student_Mangment_System/target/classes started by akhtar in /Users/akhtar/Documents/workspace-spring-tool-suite-4-4.20.1.RELEASE/Student_Mangment_System) 2023-12-05%PARSER_ERROR[nz][INFO] No active profile set, falling back to 1 default profile: "default" 2023-12-05%PARSER_ERROR[nz][INFO] Devtools property defaults active! Set 'spring.devtools.add-properties' to 'false' to disable 2023-12-05%PARSER_ERROR[nz][INFO] For additional web related logging consider setting the 'logging.level.web' property to 'DEBUG' 2023-12-05%PARSER_ERROR[nz][INFO] Bootstrapping Spring Data JPA repositories in DEFAULT mode. 2023-12-05%PARSER_ERROR[nz][INFO] Finished Spring Data repository scanning in 92 ms. Found 1 JPA repository interface. 2023-12-05%PARSER_ERROR[nz][INFO] Tomcat initialized with port 3000 (http) 2023-12-05%PARSER_ERROR[nz][INFO] Starting service [Tomcat] 2023-12-05%PARSER_ERROR[nz][INFO] Starting Servlet engine: [Apache Tomcat/10.1.16] 2023-12-05%PARSER_ERROR[nz][INFO] Initializing Spring embedded WebApplicationContext 2023-12-05%PARSER_ERROR[nz][INFO] Root WebApplicationContext: initialization completed in 2556 ms 2023-12-05%PARSER_ERROR[nz][INFO] HHH000204: Processing PersistenceUnitInfo [name: default] 2023-12-05%PARSER_ERROR[nz][INFO] HHH000412: Hibernate ORM core version 6.3.1.Final 2023-12-05%PARSER_ERROR[nz][INFO] HHH000026: Second-level cache disabled 2023-12-05%PARSER_ERROR[nz][INFO] No LoadTimeWeaver setup: ignoring JPA class transformer 2023-12-05%PARSER_ERROR[nz][INFO] HikariPool-1 - Starting... 2023-12-05%PARSER_ERROR[nz][ERROR] HikariPool-1 - Exception during pool initialization. 2023-12-05%PARSER_ERROR[nz]java.sql.SQLException: Access denied for user '"akhtar"'@'localhost' (using password: YES)
	at com.mysql.cj.jdbc.exceptions.SQLError.createSQLException(SQLError.java:130)
	at com.mysql.cj.jdbc.exceptions.SQLExceptionsMapping.translateException(SQLExceptionsMapping.java:122)
	at com.mysql.cj.jdbc.ConnectionImpl.createNewIO(ConnectionImpl.java:819)
	at com.mysql.cj.jdbc.ConnectionImpl.<init>(ConnectionImpl.java:440)
	at com.mysql.cj.jdbc.ConnectionImpl.getInstance(ConnectionImpl.java:239)
	at com.mysql.cj.jdbc.NonRegisteringDriver.connect(NonRegisteringDriver.java:188)
	at com.zaxxer.hikari.util.DriverDataSource.getConnection(DriverDataSource.java:138)
	at com.zaxxer.hikari.pool.PoolBase.newConnection(PoolBase.java:359)
	at com.zaxxer.hikari.pool.PoolBase.newPoolEntry(PoolBase.java:201)
	at com.zaxxer.hikari.pool.HikariPool.createPoolEntry(HikariPool.java:470)
	at com.zaxxer.hikari.pool.HikariPool.checkFailFast(HikariPool.java:561)
	at com.zaxxer.hikari.pool.HikariPool.<init>(HikariPool.java:100)
	at com.zaxxer.hikari.HikariDataSource.getConnection(HikariDataSource.java:112)
	at org.hibernate.engine.jdbc.connections.internal.DatasourceConnectionProviderImpl.getConnection(DatasourceConnectionProviderImpl.java:122)
	at org.hibernate.engine.jdbc.env.internal.JdbcEnvironmentInitiator$ConnectionProviderJdbcConnectionAccess.obtainConnection(JdbcEnvironmentInitiator.java:424)
	at org.hibernate.resource.transaction.backend.jdbc.internal.JdbcIsolationDelegate.delegateWork(JdbcIsolationDelegate.java:61)
	at org.hibernate.engine.jdbc.env.internal.JdbcEnvironmentInitiator.getJdbcEnvironmentUsingJdbcMetadata(JdbcEnvironmentInitiator.java:273)
	at org.hibernate.engine.jdbc.env.internal.JdbcEnvironmentInitiator.initiateService(JdbcEnvironmentInitiator.java:105)
	at org.hibernate.engine.jdbc.env.internal.JdbcEnvironmentInitiator.initiateService(JdbcEnvironmentInitiator.java:66)
	at org.hibernate.boot.registry.internal.StandardServiceRegistryImpl.initiateService(StandardServiceRegistryImpl.java:129)
	at org.hibernate.service.internal.AbstractServiceRegistryImpl.createService(AbstractServiceRegistryImpl.java:263)
	at org.hibernate.service.internal.AbstractServiceRegistryImpl.initializeService(AbstractServiceRegistryImpl.java:238)
	at org.hibernate.service.internal.AbstractServiceRegistryImpl.getService(AbstractServiceRegistryImpl.java:215)
	at org.hibernate.boot.model.relational.Database.<init>(Database.java:45)
	at org.hibernate.boot.internal.InFlightMetadataCollectorImpl.getDatabase(InFlightMetadataCollectorImpl.java:223)
	at org.hibernate.boot.internal.InFlightMetadataCollectorImpl.<init>(InFlightMetadataCollectorImpl.java:191)
	at org.hibernate.boot.model.process.spi.MetadataBuildingProcess.complete(MetadataBuildingProcess.java:169)
	at org.hibernate.jpa.boot.internal.EntityManagerFactoryBuilderImpl.metadata(EntityManagerFactoryBuilderImpl.java:1432)
	at org.hibernate.jpa.boot.internal.EntityManagerFactoryBuilderImpl.build(EntityManagerFactoryBuilderImpl.java:1503)
	at org.springframework.orm.jpa.vendor.SpringHibernateJpaPersistenceProvider.createContainerEntityManagerFactory(SpringHibernateJpaPersistenceProvider.java:75)
	at org.springframework.orm.jpa.LocalContainerEntityManagerFactoryBean.createNativeEntityManagerFactory(LocalContainerEntityManagerFactoryBean.java:376)
	at org.springframework.orm.jpa.AbstractEntityManagerFactoryBean.buildNativeEntityManagerFactory(AbstractEntityManagerFactoryBean.java:409)
	at org.springframework.orm.jpa.AbstractEntityManagerFactoryBean.afterPropertiesSet(AbstractEntityManagerFactoryBean.java:396)
	at org.springframework.orm.jpa.LocalContainerEntityManagerFactoryBean.afterPropertiesSet(LocalContainerEntityManagerFactoryBean.java:352)
	at org.springframework.beans.factory.support.AbstractAutowireCapableBeanFactory.invokeInitMethods(AbstractAutowireCapableBeanFactory.java:1822)
	at org.springframework.beans.factory.support.AbstractAutowireCapableBeanFactory.initializeBean(AbstractAutowireCapableBeanFactory.java:1771)
	at org.springframework.beans.factory.support.AbstractAutowireCapableBeanFactory.doCreateBean(AbstractAutowireCapableBeanFactory.java:601)
	at org.springframework.beans.factory.support.AbstractAutowireCapableBeanFactory.createBean(AbstractAutowireCapableBeanFactory.java:523)
	at org.springframework.beans.factory.support.AbstractBeanFactory.lambda$doGetBean$0(AbstractBeanFactory.java:325)
	at org.springframework.beans.factory.support.DefaultSingletonBeanRegistry.getSingleton(DefaultSingletonBeanRegistry.java:234)
	at org.springframework.beans.factory.support.AbstractBeanFactory.doGetBean(AbstractBeanFactory.java:323)
	at org.springframework.beans.factory.support.AbstractBeanFactory.getBean(AbstractBeanFactory.java:199)
	at org.springframework.context.support.AbstractApplicationContext.getBean(AbstractApplicationContext.java:1173)
	at org.springframework.context.support.AbstractApplicationContext.finishBeanFactoryInitialization(AbstractApplicationContext.java:936)
	at org.springframework.context.support.AbstractApplicationContext.refresh(AbstractApplicationContext.java:616)
	at org.springframework.boot.web.servlet.context.ServletWebServerApplicationContext.refresh(ServletWebServerApplicationContext.java:146)
	at org.springframework.boot.SpringApplication.refresh(SpringApplication.java:753)
	at org.springframework.boot.SpringApplication.refreshContext(SpringApplication.java:455)
	at org.springframework.boot.SpringApplication.run(SpringApplication.java:323)
	at org.springframework.boot.SpringApplication.run(SpringApplication.java:1342)
	at org.springframework.boot.SpringApplication.run(SpringApplication.java:1331)
	at com.bpktechnologies.StudentMangmentSystemApplication.main(StudentMangmentSystemApplication.java:10)
	at java.base/jdk.internal.reflect.NativeMethodAccessorImpl.invoke0(Native Method)
	at java.base/jdk.internal.reflect.NativeMethodAccessorImpl.invoke(NativeMethodAccessorImpl.java:77)
	at java.base/jdk.internal.reflect.DelegatingMethodAccessorImpl.invoke(DelegatingMethodAccessorImpl.java:43)
	at java.base/java.lang.reflect.Method.invoke(Method.java:568)
	at org.springframework.boot.devtools.restart.RestartLauncher.run(RestartLauncher.java:50)
[WARN] HHH000342: Could not obtain connection to query metadata 2023-12-05%PARSER_ERROR[nz]java.lang.NullPointerException: Cannot invoke "org.hibernate.engine.jdbc.spi.SqlExceptionHelper.convert(java.sql.SQLException, String)" because the return value of "org.hibernate.resource.transaction.backend.jdbc.internal.JdbcIsolationDelegate.sqlExceptionHelper()" is null
	at org.hibernate.resource.transaction.backend.jdbc.internal.JdbcIsolationDelegate.delegateWork(JdbcIsolationDelegate.java:116)
	at org.hibernate.engine.jdbc.env.internal.JdbcEnvironmentInitiator.getJdbcEnvironmentUsingJdbcMetadata(JdbcEnvironmentInitiator.java:273)
	at org.hibernate.engine.jdbc.env.internal.JdbcEnvironmentInitiator.initiateService(JdbcEnvironmentInitiator.java:105)
	at org.hibernate.engine.jdbc.env.internal.JdbcEnvironmentInitiator.initiateService(JdbcEnvironmentInitiator.java:66)
	at org.hibernate.boot.registry.internal.StandardServiceRegistryImpl.initiateService(StandardServiceRegistryImpl.java:129)
	at org.hibernate.service.internal.AbstractServiceRegistryImpl.createService(AbstractServiceRegistryImpl.java:263)
	at org.hibernate.service.internal.AbstractServiceRegistryImpl.initializeService(AbstractServiceRegistryImpl.java:238)
	at org.hibernate.service.internal.AbstractServiceRegistryImpl.getService(AbstractServiceRegistryImpl.java:215)
	at org.hibernate.boot.model.relational.Database.<init>(Database.java:45)
	at org.hibernate.boot.internal.InFlightMetadataCollectorImpl.getDatabase(InFlightMetadataCollectorImpl.java:223)
	at org.hibernate.boot.internal.InFlightMetadataCollectorImpl.<init>(InFlightMetadataCollectorImpl.java:191)
	at org.hibernate.boot.model.process.spi.MetadataBuildingProcess.complete(MetadataBuildingProcess.java:169)
	at org.hibernate.jpa.boot.internal.EntityManagerFactoryBuilderImpl.metadata(EntityManagerFactoryBuilderImpl.java:1432)
	at org.hibernate.jpa.boot.internal.EntityManagerFactoryBuilderImpl.build(EntityManagerFactoryBuilderImpl.java:1503)
	at org.springframework.orm.jpa.vendor.SpringHibernateJpaPersistenceProvider.createContainerEntityManagerFactory(SpringHibernateJpaPersistenceProvider.java:75)
	at org.springframework.orm.jpa.LocalContainerEntityManagerFactoryBean.createNativeEntityManagerFactory(LocalContainerEntityManagerFactoryBean.java:376)
	at org.springframework.orm.jpa.AbstractEntityManagerFactoryBean.buildNativeEntityManagerFactory(AbstractEntityManagerFactoryBean.java:409)
	at org.springframework.orm.jpa.AbstractEntityManagerFactoryBean.afterPropertiesSet(AbstractEntityManagerFactoryBean.java:396)
	at org.springframework.orm.jpa.LocalContainerEntityManagerFactoryBean.afterPropertiesSet(LocalContainerEntityManagerFactoryBean.java:352)
	at org.springframework.beans.factory.support.AbstractAutowireCapableBeanFactory.invokeInitMethods(AbstractAutowireCapableBeanFactory.java:1822)
	at org.springframework.beans.factory.support.AbstractAutowireCapableBeanFactory.initializeBean(AbstractAutowireCapableBeanFactory.java:1771)
	at org.springframework.beans.factory.support.AbstractAutowireCapableBeanFactory.doCreateBean(AbstractAutowireCapableBeanFactory.java:601)
	at org.springframework.beans.factory.support.AbstractAutowireCapableBeanFactory.createBean(AbstractAutowireCapableBeanFactory.java:523)
	at org.springframework.beans.factory.support.AbstractBeanFactory.lambda$doGetBean$0(AbstractBeanFactory.java:325)
	at org.springframework.beans.factory.support.DefaultSingletonBeanRegistry.getSingleton(DefaultSingletonBeanRegistry.java:234)
	at org.springframework.beans.factory.support.AbstractBeanFactory.doGetBean(AbstractBeanFactory.java:323)
	at org.springframework.beans.factory.support.AbstractBeanFactory.getBean(AbstractBeanFactory.java:199)
	at org.springframework.context.support.AbstractApplicationContext.getBean(AbstractApplicationContext.java:1173)
	at org.springframework.context.support.AbstractApplicationContext.finishBeanFactoryInitialization(AbstractApplicationContext.java:936)
	at org.springframework.context.support.AbstractApplicationContext.refresh(AbstractApplicationContext.java:616)
	at org.springframework.boot.web.servlet.context.ServletWebServerApplicationContext.refresh(ServletWebServerApplicationContext.java:146)
	at org.springframework.boot.SpringApplication.refresh(SpringApplication.java:753)
	at org.springframework.boot.SpringApplication.refreshContext(SpringApplication.java:455)
	at org.springframework.boot.SpringApplication.run(SpringApplication.java:323)
	at org.springframework.boot.SpringApplication.run(SpringApplication.java:1342)
	at org.springframework.boot.SpringApplication.run(SpringApplication.java:1331)
	at com.bpktechnologies.StudentMangmentSystemApplication.main(StudentMangmentSystemApplication.java:10)
	at java.base/jdk.internal.reflect.NativeMethodAccessorImpl.invoke0(Native Method)
	at java.base/jdk.internal.reflect.NativeMethodAccessorImpl.invoke(NativeMethodAccessorImpl.java:77)
	at java.base/jdk.internal.reflect.DelegatingMethodAccessorImpl.invoke(DelegatingMethodAccessorImpl.java:43)
	at java.base/java.lang.reflect.Method.invoke(Method.java:568)
	at org.springframework.boot.devtools.restart.RestartLauncher.run(RestartLauncher.java:50)
[ERROR] Failed to initialize JPA EntityManagerFactory: Unable to create requested service [org.hibernate.engine.jdbc.env.spi.JdbcEnvironment] due to: Unable to determine Dialect without JDBC metadata (please set 'javax.persistence.jdbc.url', 'hibernate.connection.url', or 'hibernate.dialect') 2023-12-05%PARSER_ERROR[nz][WARN] Exception encountered during context initialization - cancelling refresh attempt: org.springframework.beans.factory.BeanCreationException: Error creating bean with name 'entityManagerFactory' defined in class path resource [org/springframework/boot/autoconfigure/orm/jpa/HibernateJpaConfiguration.class]: Unable to create requested service [org.hibernate.engine.jdbc.env.spi.JdbcEnvironment] due to: Unable to determine Dialect without JDBC metadata (please set 'javax.persistence.jdbc.url', 'hibernate.connection.url', or 'hibernate.dialect') 2023-12-05%PARSER_ERROR[nz][INFO] Stopping service [Tomcat] 2023-12-05%PARSER_ERROR[nz][INFO] 

Error starting ApplicationContext. To display the condition evaluation report re-run your application with 'debug' enabled. 2023-12-05%PARSER_ERROR[nz][ERROR] Application run failed 2023-12-05%PARSER_ERROR[nz]org.springframework.beans.factory.BeanCreationException: Error creating bean with name 'entityManagerFactory' defined in class path resource [org/springframework/boot/autoconfigure/orm/jpa/HibernateJpaConfiguration.class]: Unable to create requested service [org.hibernate.engine.jdbc.env.spi.JdbcEnvironment] due to: Unable to determine Dialect without JDBC metadata (please set 'javax.persistence.jdbc.url', 'hibernate.connection.url', or 'hibernate.dialect')
	at org.springframework.beans.factory.support.AbstractAutowireCapableBeanFactory.initializeBean(AbstractAutowireCapableBeanFactory.java:1775)
	at org.springframework.beans.factory.support.AbstractAutowireCapableBeanFactory.doCreateBean(AbstractAutowireCapableBeanFactory.java:601)
	at org.springframework.beans.factory.support.AbstractAutowireCapableBeanFactory.createBean(AbstractAutowireCapableBeanFactory.java:523)
	at org.springframework.beans.factory.support.AbstractBeanFactory.lambda$doGetBean$0(AbstractBeanFactory.java:325)
	at org.springframework.beans.factory.support.DefaultSingletonBeanRegistry.getSingleton(DefaultSingletonBeanRegistry.java:234)
	at org.springframework.beans.factory.support.AbstractBeanFactory.doGetBean(AbstractBeanFactory.java:323)
	at org.springframework.beans.factory.support.AbstractBeanFactory.getBean(AbstractBeanFactory.java:199)
	at org.springframework.context.support.AbstractApplicationContext.getBean(AbstractApplicationContext.java:1173)
	at org.springframework.context.support.AbstractApplicationContext.finishBeanFactoryInitialization(AbstractApplicationContext.java:936)
	at org.springframework.context.support.AbstractApplicationContext.refresh(AbstractApplicationContext.java:616)
	at org.springframework.boot.web.servlet.context.ServletWebServerApplicationContext.refresh(ServletWebServerApplicationContext.java:146)
	at org.springframework.boot.SpringApplication.refresh(SpringApplication.java:753)
	at org.springframework.boot.SpringApplication.refreshContext(SpringApplication.java:455)
	at org.springframework.boot.SpringApplication.run(SpringApplication.java:323)
	at org.springframework.boot.SpringApplication.run(SpringApplication.java:1342)
	at org.springframework.boot.SpringApplication.run(SpringApplication.java:1331)
	at com.bpktechnologies.StudentMangmentSystemApplication.main(StudentMangmentSystemApplication.java:10)
	at java.base/jdk.internal.reflect.NativeMethodAccessorImpl.invoke0(Native Method)
	at java.base/jdk.internal.reflect.NativeMethodAccessorImpl.invoke(NativeMethodAccessorImpl.java:77)
	at java.base/jdk.internal.reflect.DelegatingMethodAccessorImpl.invoke(DelegatingMethodAccessorImpl.java:43)
	at java.base/java.lang.reflect.Method.invoke(Method.java:568)
	at org.springframework.boot.devtools.restart.RestartLauncher.run(RestartLauncher.java:50)
Caused by: org.hibernate.service.spi.ServiceException: Unable to create requested service [org.hibernate.engine.jdbc.env.spi.JdbcEnvironment] due to: Unable to determine Dialect without JDBC metadata (please set 'javax.persistence.jdbc.url', 'hibernate.connection.url', or 'hibernate.dialect')
	at org.hibernate.service.internal.AbstractServiceRegistryImpl.createService(AbstractServiceRegistryImpl.java:276)
	at org.hibernate.service.internal.AbstractServiceRegistryImpl.initializeService(AbstractServiceRegistryImpl.java:238)
	at org.hibernate.service.internal.AbstractServiceRegistryImpl.getService(AbstractServiceRegistryImpl.java:215)
	at org.hibernate.boot.model.relational.Database.<init>(Database.java:45)
	at org.hibernate.boot.internal.InFlightMetadataCollectorImpl.getDatabase(InFlightMetadataCollectorImpl.java:223)
	at org.hibernate.boot.internal.InFlightMetadataCollectorImpl.<init>(InFlightMetadataCollectorImpl.java:191)
	at org.hibernate.boot.model.process.spi.MetadataBuildingProcess.complete(MetadataBuildingProcess.java:169)
	at org.hibernate.jpa.boot.internal.EntityManagerFactoryBuilderImpl.metadata(EntityManagerFactoryBuilderImpl.java:1432)
	at org.hibernate.jpa.boot.internal.EntityManagerFactoryBuilderImpl.build(EntityManagerFactoryBuilderImpl.java:1503)
	at org.springframework.orm.jpa.vendor.SpringHibernateJpaPersistenceProvider.createContainerEntityManagerFactory(SpringHibernateJpaPersistenceProvider.java:75)
	at org.springframework.orm.jpa.LocalContainerEntityManagerFactoryBean.createNativeEntityManagerFactory(LocalContainerEntityManagerFactoryBean.java:376)
	at org.springframework.orm.jpa.AbstractEntityManagerFactoryBean.buildNativeEntityManagerFactory(AbstractEntityManagerFactoryBean.java:409)
	at org.springframework.orm.jpa.AbstractEntityManagerFactoryBean.afterPropertiesSet(AbstractEntityManagerFactoryBean.java:396)
	at org.springframework.orm.jpa.LocalContainerEntityManagerFactoryBean.afterPropertiesSet(LocalContainerEntityManagerFactoryBean.java:352)
	at org.springframework.beans.factory.support.AbstractAutowireCapableBeanFactory.invokeInitMethods(AbstractAutowireCapableBeanFactory.java:1822)
	at org.springframework.beans.factory.support.AbstractAutowireCapableBeanFactory.initializeBean(AbstractAutowireCapableBeanFactory.java:1771)
	... 21 common frames omitted
Caused by: org.hibernate.HibernateException: Unable to determine Dialect without JDBC metadata (please set 'javax.persistence.jdbc.url', 'hibernate.connection.url', or 'hibernate.dialect')
	at org.hibernate.engine.jdbc.dialect.internal.DialectFactoryImpl.determineDialect(DialectFactoryImpl.java:190)
	at org.hibernate.engine.jdbc.dialect.internal.DialectFactoryImpl.buildDialect(DialectFactoryImpl.java:86)
	at org.hibernate.engine.jdbc.env.internal.JdbcEnvironmentInitiator.getJdbcEnvironmentWithDefaults(JdbcEnvironmentInitiator.java:141)
	at org.hibernate.engine.jdbc.env.internal.JdbcEnvironmentInitiator.getJdbcEnvironmentUsingJdbcMetadata(JdbcEnvironmentInitiator.java:344)
	at org.hibernate.engine.jdbc.env.internal.JdbcEnvironmentInitiator.initiateService(JdbcEnvironmentInitiator.java:105)
	at org.hibernate.engine.jdbc.env.internal.JdbcEnvironmentInitiator.initiateService(JdbcEnvironmentInitiator.java:66)
	at org.hibernate.boot.registry.internal.StandardServiceRegistryImpl.initiateService(StandardServiceRegistryImpl.java:129)
	at org.hibernate.service.internal.AbstractServiceRegistryImpl.createService(AbstractServiceRegistryImpl.java:263)
	... 36 common frames omitted
[INFO] Starting StudentMangmentSystemApplication using Java 17.0.8.1 with PID 639 (/Users/akhtar/Documents/workspace-spring-tool-suite-4-4.20.1.RELEASE/Student_Mangment_System/target/classes started by akhtar in /Users/akhtar/Documents/workspace-spring-tool-suite-4-4.20.1.RELEASE/Student_Mangment_System) 2023-12-05%PARSER_ERROR[nz][INFO] No active profile set, falling back to 1 default profile: "default" 2023-12-05%PARSER_ERROR[nz][INFO] Starting StudentMangmentSystemApplication using Java 17.0.8.1 with PID 642 (/Users/akhtar/Documents/workspace-spring-tool-suite-4-4.20.1.RELEASE/Student_Mangment_System/target/classes started by akhtar in /Users/akhtar/Documents/workspace-spring-tool-suite-4-4.20.1.RELEASE/Student_Mangment_System) 2023-12-05%PARSER_ERROR[nz][INFO] No active profile set, falling back to 1 default profile: "default" 2023-12-05%PARSER_ERROR[nz][INFO] Devtools property defaults active! Set 'spring.devtools.add-properties' to 'false' to disable 2023-12-05%PARSER_ERROR[nz][INFO] For additional web related logging consider setting the 'logging.level.web' property to 'DEBUG' 2023-12-05%PARSER_ERROR[nz][INFO] Bootstrapping Spring Data JPA repositories in DEFAULT mode. 2023-12-05%PARSER_ERROR[nz][INFO] Finished Spring Data repository scanning in 43 ms. Found 1 JPA repository interface. 2023-12-05%PARSER_ERROR[nz][INFO] Tomcat initialized with port 3000 (http) 2023-12-05%PARSER_ERROR[nz][INFO] Starting service [Tomcat] 2023-12-05%PARSER_ERROR[nz][INFO] Starting Servlet engine: [Apache Tomcat/10.1.16] 2023-12-05%PARSER_ERROR[nz][INFO] Initializing Spring embedded WebApplicationContext 2023-12-05%PARSER_ERROR[nz][INFO] Root WebApplicationContext: initialization completed in 1556 ms 2023-12-05%PARSER_ERROR[nz][INFO] HHH000204: Processing PersistenceUnitInfo [name: default] 2023-12-05%PARSER_ERROR[nz][INFO] HHH000412: Hibernate ORM core version 6.3.1.Final 2023-12-05%PARSER_ERROR[nz][INFO] HHH000026: Second-level cache disabled 2023-12-05%PARSER_ERROR[nz][INFO] No LoadTimeWeaver setup: ignoring JPA class transformer 2023-12-05%PARSER_ERROR[nz][INFO] HikariPool-1 - Starting... 2023-12-05%PARSER_ERROR[nz][INFO] HikariPool-1 - Added connection com.mysql.cj.jdbc.ConnectionImpl@67eae98f 2023-12-05%PARSER_ERROR[nz][INFO] HikariPool-1 - Start completed. 2023-12-05%PARSER_ERROR[nz][INFO] HHH000489: No JTA platform available (set 'hibernate.transaction.jta.platform' to enable JTA platform integration) 2023-12-05%PARSER_ERROR[nz][INFO] Initialized JPA EntityManagerFactory for persistence unit 'default' 2023-12-05%PARSER_ERROR[nz][WARN] spring.jpa.open-in-view is enabled by default. Therefore, database queries may be performed during view rendering. Explicitly configure spring.jpa.open-in-view to disable this warning 2023-12-05%PARSER_ERROR[nz][INFO] LiveReload server is running on port 35729 2023-12-05%PARSER_ERROR[nz][INFO] Tomcat started on port 3000 (http) with context path '' 2023-12-05%PARSER_ERROR[nz][INFO] Started StudentMangmentSystemApplication in 5.52 seconds (process running for 6.598) 2023-12-05%PARSER_ERROR[nz][INFO] Restarting due to 1 class path change (0 additions, 0 deletions, 1 modification) 2023-12-05%PARSER_ERROR[nz][INFO] Closing JPA EntityManagerFactory for persistence unit 'default' 2023-12-05%PARSER_ERROR[nz][INFO] HikariPool-1 - Shutdown initiated... 2023-12-05%PARSER_ERROR[nz][INFO] HikariPool-1 - Shutdown completed. 2023-12-05%PARSER_ERROR[nz][INFO] Starting StudentMangmentSystemApplication using Java 17.0.8.1 with PID 642 (/Users/akhtar/Documents/workspace-spring-tool-suite-4-4.20.1.RELEASE/Student_Mangment_System/target/classes started by akhtar in /Users/akhtar/Documents/workspace-spring-tool-suite-4-4.20.1.RELEASE/Student_Mangment_System) 2023-12-05%PARSER_ERROR[nz][INFO] No active profile set, falling back to 1 default profile: "default" 2023-12-05%PARSER_ERROR[nz][INFO] Bootstrapping Spring Data JPA repositories in DEFAULT mode. 2023-12-05%PARSER_ERROR[nz][INFO] Finished Spring Data repository scanning in 11 ms. Found 1 JPA repository interface. 2023-12-05%PARSER_ERROR[nz][INFO] Tomcat initialized with port 3000 (http) 2023-12-05%PARSER_ERROR[nz][INFO] Starting service [Tomcat] 2023-12-05%PARSER_ERROR[nz][INFO] Starting Servlet engine: [Apache Tomcat/10.1.16] 2023-12-05%PARSER_ERROR[nz][INFO] Initializing Spring embedded WebApplicationContext 2023-12-05%PARSER_ERROR[nz][INFO] Root WebApplicationContext: initialization completed in 411 ms 2023-12-05%PARSER_ERROR[nz][INFO] HHH000204: Processing PersistenceUnitInfo [name: default] 2023-12-05%PARSER_ERROR[nz][INFO] HHH000026: Second-level cache disabled 2023-12-05%PARSER_ERROR[nz][INFO] No LoadTimeWeaver setup: ignoring JPA class transformer 2023-12-05%PARSER_ERROR[nz][INFO] HikariPool-2 - Starting... 2023-12-05%PARSER_ERROR[nz][INFO] HikariPool-2 - Added connection com.mysql.cj.jdbc.ConnectionImpl@40e2854 2023-12-05%PARSER_ERROR[nz][INFO] HikariPool-2 - Start completed. 2023-12-05%PARSER_ERROR[nz][INFO] HHH000489: No JTA platform available (set 'hibernate.transaction.jta.platform' to enable JTA platform integration) 2023-12-05%PARSER_ERROR[nz][INFO] Initialized JPA EntityManagerFactory for persistence unit 'default' 2023-12-05%PARSER_ERROR[nz][WARN] spring.jpa.open-in-view is enabled by default. Therefore, database queries may be performed during view rendering. Explicitly configure spring.jpa.open-in-view to disable this warning 2023-12-05%PARSER_ERROR[nz][INFO] LiveReload server is running on port 35729 2023-12-05%PARSER_ERROR[nz][INFO] Tomcat started on port 3000 (http) with context path '' 2023-12-05%PARSER_ERROR[nz][INFO] Started StudentMangmentSystemApplication in 1.067 seconds (process running for 483.563) 2023-12-05%PARSER_ERROR[nz][INFO] Condition evaluation unchanged 2023-12-05%PARSER_ERROR[nz][INFO] Initializing Spring DispatcherServlet 'dispatcherServlet' 2023-12-05%PARSER_ERROR[nz][INFO] Initializing Servlet 'dispatcherServlet' 2023-12-05%PARSER_ERROR[nz][INFO] Completed initialization in 1 ms 2023-12-05%PARSER_ERROR[nz][INFO] Fetching all students 2023-12-05%PARSER_ERROR[nz][WARN] NoResourceFoundException: No static resource favicon.ico. 2023-12-05%PARSER_ERROR[nz]org.springframework.web.servlet.resource.NoResourceFoundException: No static resource favicon.ico.
	at org.springframework.web.servlet.resource.ResourceHttpRequestHandler.handleRequest(ResourceHttpRequestHandler.java:585) ~[spring-webmvc-6.1.1.jar:6.1.1]
	at org.springframework.web.servlet.mvc.HttpRequestHandlerAdapter.handle(HttpRequestHandlerAdapter.java:52) ~[spring-webmvc-6.1.1.jar:6.1.1]
	at org.springframework.web.servlet.DispatcherServlet.doDispatch(DispatcherServlet.java:1089) ~[spring-webmvc-6.1.1.jar:6.1.1]
	at org.springframework.web.servlet.DispatcherServlet.doService(DispatcherServlet.java:979) ~[spring-webmvc-6.1.1.jar:6.1.1]
	at org.springframework.web.servlet.FrameworkServlet.processRequest(FrameworkServlet.java:1014) ~[spring-webmvc-6.1.1.jar:6.1.1]
	at org.springframework.web.servlet.FrameworkServlet.doGet(FrameworkServlet.java:903) ~[spring-webmvc-6.1.1.jar:6.1.1]
	at jakarta.servlet.http.HttpServlet.service(HttpServlet.java:564) ~[tomcat-embed-core-10.1.16.jar:6.0]
	at org.springframework.web.servlet.FrameworkServlet.service(FrameworkServlet.java:885) ~[spring-webmvc-6.1.1.jar:6.1.1]
	at jakarta.servlet.http.HttpServlet.service(HttpServlet.java:658) ~[tomcat-embed-core-10.1.16.jar:6.0]
	at org.apache.catalina.core.ApplicationFilterChain.internalDoFilter(ApplicationFilterChain.java:205) ~[tomcat-embed-core-10.1.16.jar:10.1.16]
	at org.apache.catalina.core.ApplicationFilterChain.doFilter(ApplicationFilterChain.java:149) ~[tomcat-embed-core-10.1.16.jar:10.1.16]
	at org.apache.tomcat.websocket.server.WsFilter.doFilter(WsFilter.java:51) ~[tomcat-embed-websocket-10.1.16.jar:10.1.16]
	at org.apache.catalina.core.ApplicationFilterChain.internalDoFilter(ApplicationFilterChain.java:174) ~[tomcat-embed-core-10.1.16.jar:10.1.16]
	at org.apache.catalina.core.ApplicationFilterChain.doFilter(ApplicationFilterChain.java:149) ~[tomcat-embed-core-10.1.16.jar:10.1.16]
	at org.springframework.web.filter.RequestContextFilter.doFilterInternal(RequestContextFilter.java:100) ~[spring-web-6.1.1.jar:6.1.1]
	at org.springframework.web.filter.OncePerRequestFilter.doFilter(OncePerRequestFilter.java:116) ~[spring-web-6.1.1.jar:6.1.1]
	at org.apache.catalina.core.ApplicationFilterChain.internalDoFilter(ApplicationFilterChain.java:174) ~[tomcat-embed-core-10.1.16.jar:10.1.16]
	at org.apache.catalina.core.ApplicationFilterChain.doFilter(ApplicationFilterChain.java:149) ~[tomcat-embed-core-10.1.16.jar:10.1.16]
	at org.springframework.web.filter.FormContentFilter.doFilterInternal(FormContentFilter.java:93) ~[spring-web-6.1.1.jar:6.1.1]
	at org.springframework.web.filter.OncePerRequestFilter.doFilter(OncePerRequestFilter.java:116) ~[spring-web-6.1.1.jar:6.1.1]
	at org.apache.catalina.core.ApplicationFilterChain.internalDoFilter(ApplicationFilterChain.java:174) ~[tomcat-embed-core-10.1.16.jar:10.1.16]
	at org.apache.catalina.core.ApplicationFilterChain.doFilter(ApplicationFilterChain.java:149) ~[tomcat-embed-core-10.1.16.jar:10.1.16]
	at org.springframework.web.filter.CharacterEncodingFilter.doFilterInternal(CharacterEncodingFilter.java:201) ~[spring-web-6.1.1.jar:6.1.1]
	at org.springframework.web.filter.OncePerRequestFilter.doFilter(OncePerRequestFilter.java:116) ~[spring-web-6.1.1.jar:6.1.1]
	at org.apache.catalina.core.ApplicationFilterChain.internalDoFilter(ApplicationFilterChain.java:174) ~[tomcat-embed-core-10.1.16.jar:10.1.16]
	at org.apache.catalina.core.ApplicationFilterChain.doFilter(ApplicationFilterChain.java:149) ~[tomcat-embed-core-10.1.16.jar:10.1.16]
	at org.apache.catalina.core.StandardWrapperValve.invoke(StandardWrapperValve.java:167) ~[tomcat-embed-core-10.1.16.jar:10.1.16]
	at org.apache.catalina.core.StandardContextValve.invoke(StandardContextValve.java:90) ~[tomcat-embed-core-10.1.16.jar:10.1.16]
	at org.apache.catalina.authenticator.AuthenticatorBase.invoke(AuthenticatorBase.java:482) ~[tomcat-embed-core-10.1.16.jar:10.1.16]
	at org.apache.catalina.core.StandardHostValve.invoke(StandardHostValve.java:115) ~[tomcat-embed-core-10.1.16.jar:10.1.16]
	at org.apache.catalina.valves.ErrorReportValve.invoke(ErrorReportValve.java:93) ~[tomcat-embed-core-10.1.16.jar:10.1.16]
	at org.apache.catalina.core.StandardEngineValve.invoke(StandardEngineValve.java:74) ~[tomcat-embed-core-10.1.16.jar:10.1.16]
	at org.apache.catalina.connector.CoyoteAdapter.service(CoyoteAdapter.java:340) ~[tomcat-embed-core-10.1.16.jar:10.1.16]
	at org.apache.coyote.http11.Http11Processor.service(Http11Processor.java:391) ~[tomcat-embed-core-10.1.16.jar:10.1.16]
	at org.apache.coyote.AbstractProcessorLight.process(AbstractProcessorLight.java:63) ~[tomcat-embed-core-10.1.16.jar:10.1.16]
	at org.apache.coyote.AbstractProtocol$ConnectionHandler.process(AbstractProtocol.java:896) ~[tomcat-embed-core-10.1.16.jar:10.1.16]
	at org.apache.tomcat.util.net.NioEndpoint$SocketProcessor.doRun(NioEndpoint.java:1744) ~[tomcat-embed-core-10.1.16.jar:10.1.16]
	at org.apache.tomcat.util.net.SocketProcessorBase.run(SocketProcessorBase.java:52) ~[tomcat-embed-core-10.1.16.jar:10.1.16]
	at org.apache.tomcat.util.threads.ThreadPoolExecutor.runWorker(ThreadPoolExecutor.java:1191) ~[tomcat-embed-core-10.1.16.jar:10.1.16]
	at org.apache.tomcat.util.threads.ThreadPoolExecutor$Worker.run(ThreadPoolExecutor.java:659) ~[tomcat-embed-core-10.1.16.jar:10.1.16]
	at org.apache.tomcat.util.threads.TaskThread$WrappingRunnable.run(TaskThread.java:61) ~[tomcat-embed-core-10.1.16.jar:10.1.16]
	at java.base/java.lang.Thread.run(Thread.java:833) ~[na:na]
[WARN] Resolved [org.springframework.web.servlet.resource.NoResourceFoundException: No static resource favicon.ico.] 2023-12-05%PARSER_ERROR[nz][WARN] NoResourceFoundException: No static resource apple-touch-icon-precomposed.png. 2023-12-05%PARSER_ERROR[nz]org.springframework.web.servlet.resource.NoResourceFoundException: No static resource apple-touch-icon-precomposed.png.
	at org.springframework.web.servlet.resource.ResourceHttpRequestHandler.handleRequest(ResourceHttpRequestHandler.java:585) ~[spring-webmvc-6.1.1.jar:6.1.1]
	at org.springframework.web.servlet.mvc.HttpRequestHandlerAdapter.handle(HttpRequestHandlerAdapter.java:52) ~[spring-webmvc-6.1.1.jar:6.1.1]
	at org.springframework.web.servlet.DispatcherServlet.doDispatch(DispatcherServlet.java:1089) ~[spring-webmvc-6.1.1.jar:6.1.1]
	at org.springframework.web.servlet.DispatcherServlet.doService(DispatcherServlet.java:979) ~[spring-webmvc-6.1.1.jar:6.1.1]
	at org.springframework.web.servlet.FrameworkServlet.processRequest(FrameworkServlet.java:1014) ~[spring-webmvc-6.1.1.jar:6.1.1]
	at org.springframework.web.servlet.FrameworkServlet.doGet(FrameworkServlet.java:903) ~[spring-webmvc-6.1.1.jar:6.1.1]
	at jakarta.servlet.http.HttpServlet.service(HttpServlet.java:564) ~[tomcat-embed-core-10.1.16.jar:6.0]
	at org.springframework.web.servlet.FrameworkServlet.service(FrameworkServlet.java:885) ~[spring-webmvc-6.1.1.jar:6.1.1]
	at jakarta.servlet.http.HttpServlet.service(HttpServlet.java:658) ~[tomcat-embed-core-10.1.16.jar:6.0]
	at org.apache.catalina.core.ApplicationFilterChain.internalDoFilter(ApplicationFilterChain.java:205) ~[tomcat-embed-core-10.1.16.jar:10.1.16]
	at org.apache.catalina.core.ApplicationFilterChain.doFilter(ApplicationFilterChain.java:149) ~[tomcat-embed-core-10.1.16.jar:10.1.16]
	at org.apache.tomcat.websocket.server.WsFilter.doFilter(WsFilter.java:51) ~[tomcat-embed-websocket-10.1.16.jar:10.1.16]
	at org.apache.catalina.core.ApplicationFilterChain.internalDoFilter(ApplicationFilterChain.java:174) ~[tomcat-embed-core-10.1.16.jar:10.1.16]
	at org.apache.catalina.core.ApplicationFilterChain.doFilter(ApplicationFilterChain.java:149) ~[tomcat-embed-core-10.1.16.jar:10.1.16]
	at org.springframework.web.filter.RequestContextFilter.doFilterInternal(RequestContextFilter.java:100) ~[spring-web-6.1.1.jar:6.1.1]
	at org.springframework.web.filter.OncePerRequestFilter.doFilter(OncePerRequestFilter.java:116) ~[spring-web-6.1.1.jar:6.1.1]
	at org.apache.catalina.core.ApplicationFilterChain.internalDoFilter(ApplicationFilterChain.java:174) ~[tomcat-embed-core-10.1.16.jar:10.1.16]
	at org.apache.catalina.core.ApplicationFilterChain.doFilter(ApplicationFilterChain.java:149) ~[tomcat-embed-core-10.1.16.jar:10.1.16]
	at org.springframework.web.filter.FormContentFilter.doFilterInternal(FormContentFilter.java:93) ~[spring-web-6.1.1.jar:6.1.1]
	at org.springframework.web.filter.OncePerRequestFilter.doFilter(OncePerRequestFilter.java:116) ~[spring-web-6.1.1.jar:6.1.1]
	at org.apache.catalina.core.ApplicationFilterChain.internalDoFilter(ApplicationFilterChain.java:174) ~[tomcat-embed-core-10.1.16.jar:10.1.16]
	at org.apache.catalina.core.ApplicationFilterChain.doFilter(ApplicationFilterChain.java:149) ~[tomcat-embed-core-10.1.16.jar:10.1.16]
	at org.springframework.web.filter.CharacterEncodingFilter.doFilterInternal(CharacterEncodingFilter.java:201) ~[spring-web-6.1.1.jar:6.1.1]
	at org.springframework.web.filter.OncePerRequestFilter.doFilter(OncePerRequestFilter.java:116) ~[spring-web-6.1.1.jar:6.1.1]
	at org.apache.catalina.core.ApplicationFilterChain.internalDoFilter(ApplicationFilterChain.java:174) ~[tomcat-embed-core-10.1.16.jar:10.1.16]
	at org.apache.catalina.core.ApplicationFilterChain.doFilter(ApplicationFilterChain.java:149) ~[tomcat-embed-core-10.1.16.jar:10.1.16]
	at org.apache.catalina.core.StandardWrapperValve.invoke(StandardWrapperValve.java:167) ~[tomcat-embed-core-10.1.16.jar:10.1.16]
	at org.apache.catalina.core.StandardContextValve.invoke(StandardContextValve.java:90) ~[tomcat-embed-core-10.1.16.jar:10.1.16]
	at org.apache.catalina.authenticator.AuthenticatorBase.invoke(AuthenticatorBase.java:482) ~[tomcat-embed-core-10.1.16.jar:10.1.16]
	at org.apache.catalina.core.StandardHostValve.invoke(StandardHostValve.java:115) ~[tomcat-embed-core-10.1.16.jar:10.1.16]
	at org.apache.catalina.valves.ErrorReportValve.invoke(ErrorReportValve.java:93) ~[tomcat-embed-core-10.1.16.jar:10.1.16]
	at org.apache.catalina.core.StandardEngineValve.invoke(StandardEngineValve.java:74) ~[tomcat-embed-core-10.1.16.jar:10.1.16]
	at org.apache.catalina.connector.CoyoteAdapter.service(CoyoteAdapter.java:340) ~[tomcat-embed-core-10.1.16.jar:10.1.16]
	at org.apache.coyote.http11.Http11Processor.service(Http11Processor.java:391) ~[tomcat-embed-core-10.1.16.jar:10.1.16]
	at org.apache.coyote.AbstractProcessorLight.process(AbstractProcessorLight.java:63) ~[tomcat-embed-core-10.1.16.jar:10.1.16]
	at org.apache.coyote.AbstractProtocol$ConnectionHandler.process(AbstractProtocol.java:896) ~[tomcat-embed-core-10.1.16.jar:10.1.16]
	at org.apache.tomcat.util.net.NioEndpoint$SocketProcessor.doRun(NioEndpoint.java:1744) ~[tomcat-embed-core-10.1.16.jar:10.1.16]
	at org.apache.tomcat.util.net.SocketProcessorBase.run(SocketProcessorBase.java:52) ~[tomcat-embed-core-10.1.16.jar:10.1.16]
	at org.apache.tomcat.util.threads.ThreadPoolExecutor.runWorker(ThreadPoolExecutor.java:1191) ~[tomcat-embed-core-10.1.16.jar:10.1.16]
	at org.apache.tomcat.util.threads.ThreadPoolExecutor$Worker.run(ThreadPoolExecutor.java:659) ~[tomcat-embed-core-10.1.16.jar:10.1.16]
	at org.apache.tomcat.util.threads.TaskThread$WrappingRunnable.run(TaskThread.java:61) ~[tomcat-embed-core-10.1.16.jar:10.1.16]
	at java.base/java.lang.Thread.run(Thread.java:833) ~[na:na]
[WARN] Resolved [org.springframework.web.servlet.resource.NoResourceFoundException: No static resource apple-touch-icon-precomposed.png.] 2023-12-05%PARSER_ERROR[nz][WARN] NoResourceFoundException: No static resource apple-touch-icon.png. 2023-12-05%PARSER_ERROR[nz]org.springframework.web.servlet.resource.NoResourceFoundException: No static resource apple-touch-icon.png.
	at org.springframework.web.servlet.resource.ResourceHttpRequestHandler.handleRequest(ResourceHttpRequestHandler.java:585) ~[spring-webmvc-6.1.1.jar:6.1.1]
	at org.springframework.web.servlet.mvc.HttpRequestHandlerAdapter.handle(HttpRequestHandlerAdapter.java:52) ~[spring-webmvc-6.1.1.jar:6.1.1]
	at org.springframework.web.servlet.DispatcherServlet.doDispatch(DispatcherServlet.java:1089) ~[spring-webmvc-6.1.1.jar:6.1.1]
	at org.springframework.web.servlet.DispatcherServlet.doService(DispatcherServlet.java:979) ~[spring-webmvc-6.1.1.jar:6.1.1]
	at org.springframework.web.servlet.FrameworkServlet.processRequest(FrameworkServlet.java:1014) ~[spring-webmvc-6.1.1.jar:6.1.1]
	at org.springframework.web.servlet.FrameworkServlet.doGet(FrameworkServlet.java:903) ~[spring-webmvc-6.1.1.jar:6.1.1]
	at jakarta.servlet.http.HttpServlet.service(HttpServlet.java:564) ~[tomcat-embed-core-10.1.16.jar:6.0]
	at org.springframework.web.servlet.FrameworkServlet.service(FrameworkServlet.java:885) ~[spring-webmvc-6.1.1.jar:6.1.1]
	at jakarta.servlet.http.HttpServlet.service(HttpServlet.java:658) ~[tomcat-embed-core-10.1.16.jar:6.0]
	at org.apache.catalina.core.ApplicationFilterChain.internalDoFilter(ApplicationFilterChain.java:205) ~[tomcat-embed-core-10.1.16.jar:10.1.16]
	at org.apache.catalina.core.ApplicationFilterChain.doFilter(ApplicationFilterChain.java:149) ~[tomcat-embed-core-10.1.16.jar:10.1.16]
	at org.apache.tomcat.websocket.server.WsFilter.doFilter(WsFilter.java:51) ~[tomcat-embed-websocket-10.1.16.jar:10.1.16]
	at org.apache.catalina.core.ApplicationFilterChain.internalDoFilter(ApplicationFilterChain.java:174) ~[tomcat-embed-core-10.1.16.jar:10.1.16]
	at org.apache.catalina.core.ApplicationFilterChain.doFilter(ApplicationFilterChain.java:149) ~[tomcat-embed-core-10.1.16.jar:10.1.16]
	at org.springframework.web.filter.RequestContextFilter.doFilterInternal(RequestContextFilter.java:100) ~[spring-web-6.1.1.jar:6.1.1]
	at org.springframework.web.filter.OncePerRequestFilter.doFilter(OncePerRequestFilter.java:116) ~[spring-web-6.1.1.jar:6.1.1]
	at org.apache.catalina.core.ApplicationFilterChain.internalDoFilter(ApplicationFilterChain.java:174) ~[tomcat-embed-core-10.1.16.jar:10.1.16]
	at org.apache.catalina.core.ApplicationFilterChain.doFilter(ApplicationFilterChain.java:149) ~[tomcat-embed-core-10.1.16.jar:10.1.16]
	at org.springframework.web.filter.FormContentFilter.doFilterInternal(FormContentFilter.java:93) ~[spring-web-6.1.1.jar:6.1.1]
	at org.springframework.web.filter.OncePerRequestFilter.doFilter(OncePerRequestFilter.java:116) ~[spring-web-6.1.1.jar:6.1.1]
	at org.apache.catalina.core.ApplicationFilterChain.internalDoFilter(ApplicationFilterChain.java:174) ~[tomcat-embed-core-10.1.16.jar:10.1.16]
	at org.apache.catalina.core.ApplicationFilterChain.doFilter(ApplicationFilterChain.java:149) ~[tomcat-embed-core-10.1.16.jar:10.1.16]
	at org.springframework.web.filter.CharacterEncodingFilter.doFilterInternal(CharacterEncodingFilter.java:201) ~[spring-web-6.1.1.jar:6.1.1]
	at org.springframework.web.filter.OncePerRequestFilter.doFilter(OncePerRequestFilter.java:116) ~[spring-web-6.1.1.jar:6.1.1]
	at org.apache.catalina.core.ApplicationFilterChain.internalDoFilter(ApplicationFilterChain.java:174) ~[tomcat-embed-core-10.1.16.jar:10.1.16]
	at org.apache.catalina.core.ApplicationFilterChain.doFilter(ApplicationFilterChain.java:149) ~[tomcat-embed-core-10.1.16.jar:10.1.16]
	at org.apache.catalina.core.StandardWrapperValve.invoke(StandardWrapperValve.java:167) ~[tomcat-embed-core-10.1.16.jar:10.1.16]
	at org.apache.catalina.core.StandardContextValve.invoke(StandardContextValve.java:90) ~[tomcat-embed-core-10.1.16.jar:10.1.16]
	at org.apache.catalina.authenticator.AuthenticatorBase.invoke(AuthenticatorBase.java:482) ~[tomcat-embed-core-10.1.16.jar:10.1.16]
	at org.apache.catalina.core.StandardHostValve.invoke(StandardHostValve.java:115) ~[tomcat-embed-core-10.1.16.jar:10.1.16]
	at org.apache.catalina.valves.ErrorReportValve.invoke(ErrorReportValve.java:93) ~[tomcat-embed-core-10.1.16.jar:10.1.16]
	at org.apache.catalina.core.StandardEngineValve.invoke(StandardEngineValve.java:74) ~[tomcat-embed-core-10.1.16.jar:10.1.16]
	at org.apache.catalina.connector.CoyoteAdapter.service(CoyoteAdapter.java:340) ~[tomcat-embed-core-10.1.16.jar:10.1.16]
	at org.apache.coyote.http11.Http11Processor.service(Http11Processor.java:391) ~[tomcat-embed-core-10.1.16.jar:10.1.16]
	at org.apache.coyote.AbstractProcessorLight.process(AbstractProcessorLight.java:63) ~[tomcat-embed-core-10.1.16.jar:10.1.16]
	at org.apache.coyote.AbstractProtocol$ConnectionHandler.process(AbstractProtocol.java:896) ~[tomcat-embed-core-10.1.16.jar:10.1.16]
	at org.apache.tomcat.util.net.NioEndpoint$SocketProcessor.doRun(NioEndpoint.java:1744) ~[tomcat-embed-core-10.1.16.jar:10.1.16]
	at org.apache.tomcat.util.net.SocketProcessorBase.run(SocketProcessorBase.java:52) ~[tomcat-embed-core-10.1.16.jar:10.1.16]
	at org.apache.tomcat.util.threads.ThreadPoolExecutor.runWorker(ThreadPoolExecutor.java:1191) ~[tomcat-embed-core-10.1.16.jar:10.1.16]
	at org.apache.tomcat.util.threads.ThreadPoolExecutor$Worker.run(ThreadPoolExecutor.java:659) ~[tomcat-embed-core-10.1.16.jar:10.1.16]
	at org.apache.tomcat.util.threads.TaskThread$WrappingRunnable.run(TaskThread.java:61) ~[tomcat-embed-core-10.1.16.jar:10.1.16]
	at java.base/java.lang.Thread.run(Thread.java:833) ~[na:na]
[WARN] Resolved [org.springframework.web.servlet.resource.NoResourceFoundException: No static resource apple-touch-icon.png.] 2023-12-05%PARSER_ERROR[nz][INFO] Restarting due to 1 class path change (0 additions, 0 deletions, 1 modification) 2023-12-05%PARSER_ERROR[nz][INFO] Closing JPA EntityManagerFactory for persistence unit 'default' 2023-12-05%PARSER_ERROR[nz][INFO] HikariPool-2 - Shutdown initiated... 2023-12-05%PARSER_ERROR[nz][INFO] HikariPool-2 - Shutdown completed. 2023-12-05%PARSER_ERROR[nz][INFO] Starting StudentMangmentSystemApplication using Java 17.0.8.1 with PID 642 (/Users/akhtar/Documents/workspace-spring-tool-suite-4-4.20.1.RELEASE/Student_Mangment_System/target/classes started by akhtar in /Users/akhtar/Documents/workspace-spring-tool-suite-4-4.20.1.RELEASE/Student_Mangment_System) 2023-12-05%PARSER_ERROR[nz][INFO] No active profile set, falling back to 1 default profile: "default" 2023-12-05%PARSER_ERROR[nz][INFO] Bootstrapping Spring Data JPA repositories in DEFAULT mode. 2023-12-05%PARSER_ERROR[nz][INFO] Finished Spring Data repository scanning in 8 ms. Found 1 JPA repository interface. 2023-12-05%PARSER_ERROR[nz][INFO] Tomcat initialized with port 3000 (http) 2023-12-05%PARSER_ERROR[nz][INFO] Starting service [Tomcat] 2023-12-05%PARSER_ERROR[nz][INFO] Starting Servlet engine: [Apache Tomcat/10.1.16] 2023-12-05%PARSER_ERROR[nz][INFO] Initializing Spring embedded WebApplicationContext 2023-12-05%PARSER_ERROR[nz][INFO] Root WebApplicationContext: initialization completed in 277 ms 2023-12-05%PARSER_ERROR[nz][INFO] HHH000204: Processing PersistenceUnitInfo [name: default] 2023-12-05%PARSER_ERROR[nz][INFO] HHH000026: Second-level cache disabled 2023-12-05%PARSER_ERROR[nz][INFO] No LoadTimeWeaver setup: ignoring JPA class transformer 2023-12-05%PARSER_ERROR[nz][INFO] HikariPool-3 - Starting... 2023-12-05%PARSER_ERROR[nz][INFO] HikariPool-3 - Added connection com.mysql.cj.jdbc.ConnectionImpl@2074b5bc 2023-12-05%PARSER_ERROR[nz][INFO] HikariPool-3 - Start completed. 2023-12-05%PARSER_ERROR[nz][INFO] HHH000489: No JTA platform available (set 'hibernate.transaction.jta.platform' to enable JTA platform integration) 2023-12-05%PARSER_ERROR[nz][INFO] Initialized JPA EntityManagerFactory for persistence unit 'default' 2023-12-05%PARSER_ERROR[nz][WARN] spring.jpa.open-in-view is enabled by default. Therefore, database queries may be performed during view rendering. Explicitly configure spring.jpa.open-in-view to disable this warning 2023-12-05%PARSER_ERROR[nz][INFO] LiveReload server is running on port 35729 2023-12-05%PARSER_ERROR[nz][INFO] Tomcat started on port 3000 (http) with context path '' 2023-12-05%PARSER_ERROR[nz][INFO] Started StudentMangmentSystemApplication in 0.865 seconds (process running for 664.551) 2023-12-05%PARSER_ERROR[nz][INFO] Condition evaluation unchanged 2023-12-05%PARSER_ERROR[nz][INFO] Initializing Spring DispatcherServlet 'dispatcherServlet' 2023-12-05%PARSER_ERROR[nz][INFO] Initializing Servlet 'dispatcherServlet' 2023-12-05%PARSER_ERROR[nz][INFO] Completed initialization in 2 ms 2023-12-05%PARSER_ERROR[nz][INFO] Fetching all students 2023-12-05%PARSER_ERROR[nz][INFO] Fetching all students 2023-12-05%PARSER_ERROR[nz][INFO] Fetching all students 2023-12-05%PARSER_ERROR[nz][INFO] Fetching all students 2023-12-05%PARSER_ERROR[nz][INFO] Fetching all students 2023-12-05%PARSER_ERROR[nz][INFO] Fetching all students 2023-12-05%PARSER_ERROR[nz][INFO] Fetching all students 2023-12-05%PARSER_ERROR[nz][INFO] Fetching all students 2023-12-05%PARSER_ERROR[nz][INFO] Fetching all students 2023-12-05%PARSER_ERROR[nz][INFO] Fetching all students 2023-12-05%PARSER_ERROR[nz][INFO] Fetching all students 2023-12-05%PARSER_ERROR[nz][INFO] Fetching all students 2023-12-05%PARSER_ERROR[nz][INFO] Fetching all students 2023-12-05%PARSER_ERROR[nz][INFO] Fetching all students 2023-12-05%PARSER_ERROR[nz][INFO] Fetching all students 2023-12-05%PARSER_ERROR[nz][INFO] Fetching all students 2023-12-05%PARSER_ERROR[nz][INFO] Fetching all students 2023-12-05%PARSER_ERROR[nz][INFO] Fetching all students 2023-12-05%PARSER_ERROR[nz][INFO] Fetching all students 2023-12-05%PARSER_ERROR[nz][INFO] Fetching all students 2023-12-05%PARSER_ERROR[nz][INFO] Fetching all students 2023-12-05%PARSER_ERROR[nz][INFO] Fetching all students 2023-12-05%PARSER_ERROR[nz][INFO] Fetching all students 2023-12-05%PARSER_ERROR[nz][INFO] Fetching all students 2023-12-05%PARSER_ERROR[nz][INFO] Fetching all students 2023-12-05%PARSER_ERROR[nz][INFO] Fetching all students 2023-12-05%PARSER_ERROR[nz][INFO] Application shutdown requested. 2023-12-05%PARSER_ERROR[nz][INFO] Closing JPA EntityManagerFactory for persistence unit 'default' 2023-12-05%PARSER_ERROR[nz][INFO] HikariPool-3 - Shutdown initiated... 2023-12-05%PARSER_ERROR[nz][INFO] HikariPool-3 - Shutdown completed. 2023-12-05%PARSER_ERROR[nz][INFO] Starting StudentMangmentSystemApplication using Java 17.0.8.1 with PID 1164 (/Users/akhtar/Documents/workspace-spring-tool-suite-4-4.20.1.RELEASE/Student_Mangment_System/target/classes started by akhtar in /Users/akhtar/Documents/workspace-spring-tool-suite-4-4.20.1.RELEASE/Student_Mangment_System) 2023-12-05%PARSER_ERROR[nz][INFO] No active profile set, falling back to 1 default profile: "default" 2023-12-05%PARSER_ERROR[nz][INFO] Devtools property defaults active! Set 'spring.devtools.add-properties' to 'false' to disable 2023-12-05%PARSER_ERROR[nz][INFO] For additional web related logging consider setting the 'logging.level.web' property to 'DEBUG' 2023-12-05%PARSER_ERROR[nz][INFO] Bootstrapping Spring Data JPA repositories in DEFAULT mode. 2023-12-05%PARSER_ERROR[nz][INFO] Finished Spring Data repository scanning in 48 ms. Found 1 JPA repository interface. 2023-12-05%PARSER_ERROR[nz][INFO] Tomcat initialized with port 3000 (http) 2023-12-05%PARSER_ERROR[nz][INFO] Starting service [Tomcat] 2023-12-05%PARSER_ERROR[nz][INFO] Starting Servlet engine: [Apache Tomcat/10.1.16] 2023-12-05%PARSER_ERROR[nz][INFO] Initializing Spring embedded WebApplicationContext 2023-12-05%PARSER_ERROR[nz][INFO] Root WebApplicationContext: initialization completed in 1641 ms 2023-12-05%PARSER_ERROR[nz][INFO] HHH000204: Processing PersistenceUnitInfo [name: default] 2023-12-05%PARSER_ERROR[nz][INFO] HHH000412: Hibernate ORM core version 6.3.1.Final 2023-12-05%PARSER_ERROR[nz][INFO] HHH000026: Second-level cache disabled 2023-12-05%PARSER_ERROR[nz][INFO] No LoadTimeWeaver setup: ignoring JPA class transformer 2023-12-05%PARSER_ERROR[nz][INFO] HikariPool-1 - Starting... 2023-12-05%PARSER_ERROR[nz][INFO] HikariPool-1 - Added connection com.mysql.cj.jdbc.ConnectionImpl@68826595 2023-12-05%PARSER_ERROR[nz][INFO] HikariPool-1 - Start completed. 2023-12-05%PARSER_ERROR[nz][INFO] HHH000489: No JTA platform available (set 'hibernate.transaction.jta.platform' to enable JTA platform integration) 2023-12-05%PARSER_ERROR[nz][INFO] Initialized JPA EntityManagerFactory for persistence unit 'default' 2023-12-05%PARSER_ERROR[nz][WARN] spring.jpa.open-in-view is enabled by default. Therefore, database queries may be performed during view rendering. Explicitly configure spring.jpa.open-in-view to disable this warning 2023-12-05%PARSER_ERROR[nz][INFO] LiveReload server is running on port 35729 2023-12-05%PARSER_ERROR[nz][INFO] Tomcat started on port 3000 (http) with context path '' 2023-12-05%PARSER_ERROR[nz][INFO] Started StudentMangmentSystemApplication in 7.452 seconds (process running for 8.832) 2023-12-05%PARSER_ERROR[nz][INFO] Closing JPA EntityManagerFactory for persistence unit 'default' 2023-12-05%PARSER_ERROR[nz][INFO] HikariPool-1 - Shutdown initiated... 2023-12-05%PARSER_ERROR[nz][INFO] HikariPool-1 - Shutdown completed. 2023-12-05%PARSER_ERROR[nz][INFO] Starting StudentMangmentSystemApplicationTests using Java 17.0.8.1 with PID 1176 (started by akhtar in /Users/akhtar/Documents/workspace-spring-tool-suite-4-4.20.1.RELEASE/Student_Mangment_System) 2023-12-05%PARSER_ERROR[nz][INFO] No active profile set, falling back to 1 default profile: "default" 2023-12-05%PARSER_ERROR[nz][INFO] Bootstrapping Spring Data JPA repositories in DEFAULT mode. 2023-12-05%PARSER_ERROR[nz][INFO] Finished Spring Data repository scanning in 83 ms. Found 1 JPA repository interface. 2023-12-05%PARSER_ERROR[nz][INFO] HHH000204: Processing PersistenceUnitInfo [name: default] 2023-12-05%PARSER_ERROR[nz][INFO] HHH000412: Hibernate ORM core version 6.3.1.Final 2023-12-05%PARSER_ERROR[nz][INFO] HHH000026: Second-level cache disabled 2023-12-05%PARSER_ERROR[nz][INFO] No LoadTimeWeaver setup: ignoring JPA class transformer 2023-12-05%PARSER_ERROR[nz][INFO] HikariPool-1 - Starting... 2023-12-05%PARSER_ERROR[nz][INFO] HikariPool-1 - Added connection com.mysql.cj.jdbc.ConnectionImpl@4c8d45cf 2023-12-05%PARSER_ERROR[nz][INFO] HikariPool-1 - Start completed. 2023-12-05%PARSER_ERROR[nz][INFO] HHH000489: No JTA platform available (set 'hibernate.transaction.jta.platform' to enable JTA platform integration) 2023-12-05%PARSER_ERROR[nz][INFO] Initialized JPA EntityManagerFactory for persistence unit 'default' 2023-12-05%PARSER_ERROR[nz][WARN] spring.jpa.open-in-view is enabled by default. Therefore, database queries may be performed during view rendering. Explicitly configure spring.jpa.open-in-view to disable this warning 2023-12-05%PARSER_ERROR[nz][INFO] Started StudentMangmentSystemApplicationTests in 7.062 seconds (process running for 8.912) 2023-12-05%PARSER_ERROR[nz][INFO] Closing JPA EntityManagerFactory for persistence unit 'default' 2023-12-05%PARSER_ERROR[nz][INFO] HikariPool-1 - Shutdown initiated... 2023-12-05%PARSER_ERROR[nz][INFO] HikariPool-1 - Shutdown completed. 2023-12-05%PARSER_ERROR[nz]